<?xml version="1.0" encoding="UTF-8"?>
<!-- Generated by org.testng.reporters.JUnitXMLReporter -->
<testsuite hostname="DESKTOP-OH8IUHA" ignored="0" name="HRS" tests="1" failures="1" timestamp="2023-06-19T12:17:20 IST" time="42.265" errors="0">
  <testcase name="verifyPatientListGeneralDetailsDisplay" time="36.232" classname="com.hrs.test.ClinicianConnect">
    <failure type="java.lang.NullPointerException">
      <![CDATA[java.lang.NullPointerException
at java.util.Objects.requireNonNull(Objects.java:203)
at org.openqa.selenium.support.ui.FluentWait.<init>(FluentWait.java:106)
at org.openqa.selenium.support.ui.WebDriverWait.<init>(WebDriverWait.java:85)
at org.openqa.selenium.support.ui.WebDriverWait.<init>(WebDriverWait.java:45)
at com.utility.Utilities.initDriver(Utilities.java:143)
at com.utility.Utilities.switchPlatformToAndroid(Utilities.java:2761)
at com.business.hrs.HRSBusinessLogic.logInToWebClinicianConnect(HRSBusinessLogic.java:24)
at com.hrs.test.ClinicianConnect.verifyPatientListGeneralDetailsDisplay(ClinicianConnect.java:25)
at java.util.ArrayList.forEach(ArrayList.java:1257)
... Removed 27 stack frames]]>
    </failure>
  </testcase> <!-- verifyPatientListGeneralDetailsDisplay -->
</testsuite> <!-- HRS -->
