<?xml version="1.0" encoding="UTF-8"?>
<!-- Generated by org.testng.reporters.JUnitXMLReporter -->
<testsuite ignored="0" hostname="DESKTOP-OH8IUHA" failures="0" tests="3" name="Test" time="38.269" errors="0" timestamp="2023-07-03T14:23:14 IST">
  <testcase classname="com.hrsAPI.test.HrsApiTest" name="verifyEndpointTestingConfirmAllMedGatewayEndpointsareExposed" time="8.851"/>
  <testcase classname="com.hrsAPI.test.HrsApiTest" name="verifyMedicationMasterListPulledFromGatewayEndpoint" time="12.593"/>
  <testcase classname="com.hrsAPI.test.HrsApiTest" name="verifyNewMedicationFromEMRModalNotificationsReconciled" time="16.019"/>
</testsuite> <!-- Test -->
