<?xml version="1.0" encoding="UTF-8"?>
<!-- Generated by org.testng.reporters.JUnitXMLReporter -->
<testsuite ignored="0" hostname="DESKTOP-OH8IUHA" failures="1" tests="3" name="HRS" time="262.645" errors="0" timestamp="2023-07-06T15:31:22 IST">
  <testcase classname="com.hrs.test.Homepage" name="verifyhomePage" time="126.813"/>
  <testcase classname="com.hrs.test.Homepage" name="verifyContactClinicianMessageOption" time="33.746"/>
  <testcase classname="com.hrs.test.Homepage" name="verifyBloodPressure" time="69.881">
    <failure type="org.openqa.selenium.NoSuchElementException" message="An element could not be located on the page using the given search parameters.
For documentation on this error, please visit: https://www.seleniumhq.org/exceptions/no_such_element.html
Build info: version: &amp;apos;3.141.59&amp;apos;, revision: &amp;apos;e82be7d358&amp;apos;, time: &amp;apos;2018-11-14T08:17:03&amp;apos;
System info: host: &amp;apos;DESKTOP-OH8IUHA&amp;apos;, ip: &amp;apos;192.168.1.21&amp;apos;, os.name: &amp;apos;Windows 10&amp;apos;, os.arch: &amp;apos;amd64&amp;apos;, os.version: &amp;apos;10.0&amp;apos;, java.version: &amp;apos;11.0.18&amp;apos;
Driver info: io.appium.java_client.android.AndroidDriver
Capabilities {appActivity: ionic.hrsmobile.byod.patien..., appPackage: ionic.hrsmobile.byod.patient, appium-version: 1.22.3, autoGrantPermissions: true, automationName: UIAutomator2, databaseEnabled: false, desired: {appActivity: ionic.hrsmobile.byod.patien..., appPackage: ionic.hrsmobile.byod.patient, appium-version: 1.22.3, autoGrantPermissions: true, automationName: UIAutomator2, deviceName: Android Emulator, newCommandTimeout: 18000, platformName: android, platformVersion: 13, udid: RZ8W3003SQL, unlockKey: 1234, unlockType: pin}, deviceApiLevel: 33, deviceManufacturer: samsung, deviceModel: SM-A135F, deviceName: RZ8W3003SQL, deviceScreenDensity: 450, deviceScreenSize: 1080x2408, deviceUDID: RZ8W3003SQL, javascriptEnabled: true, locationContextEnabled: false, networkConnectionEnabled: true, newCommandTimeout: 18000, pixelRatio: 2.8125, platform: LINUX, platformName: Android, platformVersion: 13, statBarHeight: 66, takesScreenshot: true, udid: RZ8W3003SQL, unlockKey: 1234, unlockType: pin, viewportRect: {height: 2142, left: 0, top: 66, width: 1080}, warnings: {}, webStorageEnabled: false}
Session ID: 5804095b-e7bf-44c7-a969-a0efc4d1294b
*** Element info: {Using=xpath, value=(//*[@resource-id=&amp;apos;hrs-input-0-lbl&amp;apos;]/following-sibling::android.view.View/child::android.widget.EditText)[1]}">
      <![CDATA[org.openqa.selenium.NoSuchElementException: An element could not be located on the page using the given search parameters.
For documentation on this error, please visit: https://www.seleniumhq.org/exceptions/no_such_element.html
Build info: version: '3.141.59', revision: 'e82be7d358', time: '2018-11-14T08:17:03'
System info: host: 'DESKTOP-OH8IUHA', ip: '192.168.1.21', os.name: 'Windows 10', os.arch: 'amd64', os.version: '10.0', java.version: '11.0.18'
Driver info: io.appium.java_client.android.AndroidDriver
Capabilities {appActivity: ionic.hrsmobile.byod.patien..., appPackage: ionic.hrsmobile.byod.patient, appium-version: 1.22.3, autoGrantPermissions: true, automationName: UIAutomator2, databaseEnabled: false, desired: {appActivity: ionic.hrsmobile.byod.patien..., appPackage: ionic.hrsmobile.byod.patient, appium-version: 1.22.3, autoGrantPermissions: true, automationName: UIAutomator2, deviceName: Android Emulator, newCommandTimeout: 18000, platformName: android, platformVersion: 13, udid: RZ8W3003SQL, unlockKey: 1234, unlockType: pin}, deviceApiLevel: 33, deviceManufacturer: samsung, deviceModel: SM-A135F, deviceName: RZ8W3003SQL, deviceScreenDensity: 450, deviceScreenSize: 1080x2408, deviceUDID: RZ8W3003SQL, javascriptEnabled: true, locationContextEnabled: false, networkConnectionEnabled: true, newCommandTimeout: 18000, pixelRatio: 2.8125, platform: LINUX, platformName: Android, platformVersion: 13, statBarHeight: 66, takesScreenshot: true, udid: RZ8W3003SQL, unlockKey: 1234, unlockType: pin, viewportRect: {height: 2142, left: 0, top: 66, width: 1080}, warnings: {}, webStorageEnabled: false}
Session ID: 5804095b-e7bf-44c7-a969-a0efc4d1294b
*** Element info: {Using=xpath, value=(//*[@resource-id='hrs-input-0-lbl']/following-sibling::android.view.View/child::android.widget.EditText)[1]}
at org.openqa.selenium.remote.http.W3CHttpResponseCodec.createException(W3CHttpResponseCodec.java:187)
at org.openqa.selenium.remote.http.W3CHttpResponseCodec.decode(W3CHttpResponseCodec.java:122)
at org.openqa.selenium.remote.http.W3CHttpResponseCodec.decode(W3CHttpResponseCodec.java:49)
at org.openqa.selenium.remote.HttpCommandExecutor.execute(HttpCommandExecutor.java:158)
at io.appium.java_client.remote.AppiumCommandExecutor.execute(AppiumCommandExecutor.java:239)
at org.openqa.selenium.remote.RemoteWebDriver.execute(RemoteWebDriver.java:552)
at io.appium.java_client.DefaultGenericMobileDriver.execute(DefaultGenericMobileDriver.java:41)
at io.appium.java_client.AppiumDriver.execute(AppiumDriver.java:1)
at io.appium.java_client.android.AndroidDriver.execute(AndroidDriver.java:1)
at org.openqa.selenium.remote.RemoteWebDriver.findElement(RemoteWebDriver.java:323)
at io.appium.java_client.DefaultGenericMobileDriver.findElement(DefaultGenericMobileDriver.java:61)
at io.appium.java_client.AppiumDriver.findElement(AppiumDriver.java:1)
at io.appium.java_client.android.AndroidDriver.findElement(AndroidDriver.java:1)
at org.openqa.selenium.remote.RemoteWebDriver.findElementByXPath(RemoteWebDriver.java:428)
at io.appium.java_client.DefaultGenericMobileDriver.findElementByXPath(DefaultGenericMobileDriver.java:151)
at io.appium.java_client.AppiumDriver.findElementByXPath(AppiumDriver.java:1)
at io.appium.java_client.android.AndroidDriver.findElementByXPath(AndroidDriver.java:1)
at org.openqa.selenium.By$ByXPath.findElement(By.java:353)
at org.openqa.selenium.remote.RemoteWebDriver.findElement(RemoteWebDriver.java:315)
at io.appium.java_client.DefaultGenericMobileDriver.findElement(DefaultGenericMobileDriver.java:57)
at io.appium.java_client.AppiumDriver.findElement(AppiumDriver.java:1)
at io.appium.java_client.android.AndroidDriver.findElement(AndroidDriver.java:1)
at com.business.hrs.HRSBusinessLogic.recordBloodPressure(HRSBusinessLogic.java:631)
at com.hrs.test.Homepage.verifyBloodPressure(Homepage.java:82)
at java.base/java.util.ArrayList.forEach(ArrayList.java:1541)
... Removed 31 stack frames]]>
    </failure>
  </testcase> <!-- verifyBloodPressure -->
</testsuite> <!-- HRS -->
