<?xml version="1.0" encoding="UTF-8"?>
<!-- Generated by org.testng.reporters.JUnitXMLReporter -->
<testsuite ignored="0" hostname="DESKTOP-OH8IUHA" failures="1" tests="4" name="HRS" time="279.665" errors="0" timestamp="2023-07-05T16:19:54 IST">
  <testcase classname="com.hrs.test.Homepage" name="verifyhomePage" time="124.873"/>
  <testcase classname="com.hrs.test.Homepage" name="verifyBloodPressure" time="93.852"/>
  <testcase classname="com.hrs.test.Homepage" name="verifyContactClinicianvideoCallOption" time="29.593">
    <failure type="java.lang.AssertionError" message="The following asserts failed:
	ElementHamburger menu Button  is not visible expected [true] but found [false]">
      <![CDATA[java.lang.AssertionError: The following asserts failed:
ElementHamburger menu Button  is not visible expected [true] but found [false]
at com.hrs.test.Homepage.verifyContactClinicianvideoCallOption(Homepage.java:85)
at java.base/java.util.ArrayList.forEach(ArrayList.java:1541)
... Removed 29 stack frames]]>
    </failure>
  </testcase> <!-- verifyContactClinicianvideoCallOption -->
  <testcase classname="com.hrs.test.Homepage" name="verifyContactClinicianVoiceCallOption" time="0.0">
    <skipped/>
  </testcase> <!-- verifyContactClinicianVoiceCallOption -->
</testsuite> <!-- HRS -->
