<?xml version="1.0" encoding="UTF-8"?>
<!-- Generated by org.testng.reporters.JUnitXMLReporter -->
<testsuite ignored="0" hostname="DESKTOP-OH8IUHA" failures="0" tests="3" name="Test" time="28.011" errors="0" timestamp="2023-07-03T16:31:41 IST">
  <testcase classname="com.hrsAPI.test.HrsApiTest" name="verifyEndpointTestingConfirmAllMedGatewayEndpointsareExposed" time="4.92"/>
  <testcase classname="com.hrsAPI.test.HrsApiTest" name="verifyMedicationMasterListPulledFromGatewayEndpoint" time="8.016"/>
  <testcase classname="com.hrsAPI.test.HrsApiTest" name="verifyNewMedicationFromEMRModalNotificationsReconciled" time="4.754"/>
</testsuite> <!-- Test -->
