<?xml version="1.0" encoding="UTF-8"?>
<!-- Generated by org.testng.reporters.JUnitXMLReporter -->
<testsuite hostname="DESKTOP-OH8IUHA" ignored="4" name="Test" tests="1" failures="1" timestamp="2023-06-26T16:17:36 IST" time="1.085" errors="0">
  <testcase name="verifyEndpointTestingConfirmAllMedGatewayEndpointsareExposed" time="0.204" classname="com.hrsAPI.test.HrsApiTest">
    <failure type="java.lang.IllegalArgumentException" message="Base URI cannot be null">
      <![CDATA[java.lang.IllegalArgumentException: Base URI cannot be null
at org.codehaus.groovy.runtime.callsite.ConstructorSite$ConstructorSiteNoUnwrap.callConstructor(ConstructorSite.java:84)
at org.codehaus.groovy.runtime.callsite.CallSiteArray.defaultCallConstructor(CallSiteArray.java:59)
at org.codehaus.groovy.runtime.callsite.AbstractCallSite.callConstructor(AbstractCallSite.java:263)
at org.codehaus.groovy.runtime.callsite.AbstractCallSite.callConstructor(AbstractCallSite.java:277)
at io.restassured.internal.common.assertion.AssertParameter.notNull(AssertParameter.groovy:26)
at io.restassured.internal.common.assertion.AssertParameter$notNull.callStatic(Unknown Source)
at org.codehaus.groovy.runtime.callsite.CallSiteArray.defaultCallStatic(CallSiteArray.java:55)
at org.codehaus.groovy.runtime.callsite.AbstractCallSite.callStatic(AbstractCallSite.java:217)
at org.codehaus.groovy.runtime.callsite.AbstractCallSite.callStatic(AbstractCallSite.java:240)
at io.restassured.internal.RequestSpecificationImpl.baseUri(RequestSpecificationImpl.groovy:685)
at com.business.hrsAPI.HrsApiLogic.baseUrl(HrsApiLogic.java:43)
at com.business.hrsAPI.HrsApiLogic.generateLogInAccessToken(HrsApiLogic.java:58)
at com.hrsAPI.test.HrsApiTest.verifyEndpointTestingConfirmAllMedGatewayEndpointsareExposed(HrsApiTest.java:42)
at java.util.ArrayList.forEach(ArrayList.java:1257)
... Removed 36 stack frames]]>
    </failure>
  </testcase> <!-- verifyEndpointTestingConfirmAllMedGatewayEndpointsareExposed -->
  <testcase name="verifyv1TasksEndpointDELETEReduceMedicationFrequencyMultipleReminderTimeSlots" time="0.0" classname="com.hrsAPI.test.HrsApiTest">
    <ignored/>
  </testcase> <!-- verifyv1TasksEndpointDELETEReduceMedicationFrequencyMultipleReminderTimeSlots -->
  <testcase name="verifyEndpoinDELETEReduceMedicationFrequencyOneReminderTimeSlot" time="0.0" classname="com.hrsAPI.test.HrsApiTest">
    <ignored/>
  </testcase> <!-- verifyEndpoinDELETEReduceMedicationFrequencyOneReminderTimeSlot -->
  <testcase name="verifyNewMedicationFromEMRModalNotificationsReconciled" time="0.0" classname="com.hrsAPI.test.HrsApiTest">
    <ignored/>
  </testcase> <!-- verifyNewMedicationFromEMRModalNotificationsReconciled -->
  <testcase name="verifyMedicationMasterListPulledFromGatewayEndpoint" time="0.0" classname="com.hrsAPI.test.HrsApiTest">
    <ignored/>
  </testcase> <!-- verifyMedicationMasterListPulledFromGatewayEndpoint -->
</testsuite> <!-- Test -->
