<?xml version="1.0" encoding="UTF-8"?>
<!-- Generated by org.testng.reporters.JUnitXMLReporter -->
<testsuite ignored="2" hostname="DESKTOP-OH8IUHA" failures="1" tests="1" name="Test" time="7.374" errors="0" timestamp="2023-07-06T13:14:29 IST">
  <testcase classname="com.hrsAPI.test.HrsApiTest" name="verifyNewMedicationFromEMRModalNotificationsReconciled" time="6.69">
    <failure type="java.lang.NullPointerException">
      <![CDATA[java.lang.NullPointerException
at com.hrsAPI.test.HrsApiTest.verifyNewMedicationFromEMRModalNotificationsReconciled(HrsApiTest.java:264)
at java.base/java.util.ArrayList.forEach(ArrayList.java:1541)
... Removed 27 stack frames]]>
    </failure>
  </testcase> <!-- verifyNewMedicationFromEMRModalNotificationsReconciled -->
  <testcase classname="com.hrsAPI.test.HrsApiTest" name="verifyMedicationMasterListPulledFromGatewayEndpoint" time="0.0">
    <ignored/>
  </testcase> <!-- verifyMedicationMasterListPulledFromGatewayEndpoint -->
  <testcase classname="com.hrsAPI.test.HrsApiTest" name="verifyEndpointTestingConfirmAllMedGatewayEndpointsareExposed" time="0.0">
    <ignored/>
  </testcase> <!-- verifyEndpointTestingConfirmAllMedGatewayEndpointsareExposed -->
</testsuite> <!-- Test -->
