-------------------------------------------------------------------------------
Test set: TestSuite
-------------------------------------------------------------------------------
Tests run: 1, Failures: 1, Errors: 0, Skipped: 0, Time elapsed: 2.727 s <<< FAILURE! - in TestSuite
verifyEndpointTestingConfirmAllMedGatewayEndpointsareExposed(com.hrsAPI.test.HrsApiTest)  Time elapsed: 0.217 s  <<< FAILURE!
java.lang.IllegalArgumentException: Base URI cannot be null
	at com.hrsAPI.test.HrsApiTest.verifyEndpointTestingConfirmAllMedGatewayEndpointsareExposed(HrsApiTest.java:42)

