<?xml version="1.0" encoding="UTF-8"?>
<!-- Generated by org.testng.reporters.JUnitXMLReporter -->
<testsuite ignored="0" hostname="DESKTOP-OH8IUHA" failures="1" tests="3" name="HRS" time="7.035" errors="0" timestamp="2023-07-05T16:50:06 IST">
  <testcase classname="com.hrs.test.BaseTest" name="@BeforeClass beforeMethod" time="0.619">
    <skipped/>
  </testcase> <!-- @BeforeClass beforeMethod -->
  <testcase classname="com.hrs.test.BaseTest" name="@AfterTest afterTest" time="0.0">
    <failure type="java.lang.NullPointerException">
      <![CDATA[java.lang.NullPointerException
at com.hrs.test.BaseTest.afterTest(BaseTest.java:58)
... Removed 25 stack frames]]>
    </failure>
  </testcase> <!-- @AfterTest afterTest -->
  <testcase classname="com.hrs.test.Homepage" name="verifyhomePage" time="0.0">
    <skipped/>
  </testcase> <!-- verifyhomePage -->
  <testcase classname="com.hrs.test.Homepage" name="verifyhomePage" time="0.004">
    <failure type="java.lang.IllegalArgumentException" message="nodeName cannot be null or empty">
      <![CDATA[java.lang.IllegalArgumentException: nodeName cannot be null or empty
at com.aventstack.extentreports.ExtentTest.createNode(ExtentTest.java:166)
at com.aventstack.extentreports.ExtentTest.createNode(ExtentTest.java:274)
at com.utility.ExtentReporter.HeaderChildNode(ExtentReporter.java:258)
at com.utility.ExtentReporter.onTestSkipped(ExtentReporter.java:250)
at java.base/java.util.ArrayList.forEach(ArrayList.java:1541)
... Removed 26 stack frames]]>
    </failure>
  </testcase> <!-- verifyhomePage -->
  <testcase classname="com.hrs.test.Homepage" name="verifyBloodPressure" time="0.0">
    <skipped/>
  </testcase> <!-- verifyBloodPressure -->
</testsuite> <!-- HRS -->
