<?xml version="1.0" encoding="UTF-8"?>
<!-- Generated by org.testng.reporters.JUnitXMLReporter -->
<testsuite ignored="5" hostname="DESKTOP-OH8IUHA" failures="1" tests="2" name="HRS" time="7.446" errors="0" timestamp="2023-07-03T14:06:31 IST">
  <testcase classname="com.hrs.test.BaseTest" name="@BeforeClass beforeMethod" time="0.914">
    <skipped/>
  </testcase> <!-- @BeforeClass beforeMethod -->
  <testcase classname="com.hrs.test.BaseTest" name="@AfterTest afterTest" time="0.0">
    <failure type="java.lang.NullPointerException">
      <![CDATA[java.lang.NullPointerException
at com.hrs.test.BaseTest.afterTest(BaseTest.java:57)
... Removed 25 stack frames]]>
    </failure>
  </testcase> <!-- @AfterTest afterTest -->
  <testcase classname="com.hrs.test.ClinicianConnect" name="verifyContactClinicianvideoCallOption" time="0.0">
    <skipped/>
  </testcase> <!-- verifyContactClinicianvideoCallOption -->
  <testcase classname="com.hrs.test.ClinicianConnect" name="verifyContactClinicianvideoCallOption" time="0.018">
    <failure type="java.lang.IllegalArgumentException" message="nodeName cannot be null or empty">
      <![CDATA[java.lang.IllegalArgumentException: nodeName cannot be null or empty
at com.aventstack.extentreports.ExtentTest.createNode(ExtentTest.java:166)
at com.aventstack.extentreports.ExtentTest.createNode(ExtentTest.java:274)
at com.utility.ExtentReporter.HeaderChildNode(ExtentReporter.java:238)
at com.utility.ExtentReporter.onTestSkipped(ExtentReporter.java:230)
at java.base/java.util.ArrayList.forEach(ArrayList.java:1541)
... Removed 26 stack frames]]>
    </failure>
  </testcase> <!-- verifyContactClinicianvideoCallOption -->
  <testcase classname="com.hrs.test.ClinicianConnect" name="verifyMetricsTabGeneralDisplay" time="0.0">
    <ignored/>
  </testcase> <!-- verifyMetricsTabGeneralDisplay -->
  <testcase classname="com.hrs.test.ClinicianConnect" name="verifyAddReminderModalGeneralDisplay" time="0.0">
    <ignored/>
  </testcase> <!-- verifyAddReminderModalGeneralDisplay -->
  <testcase classname="com.hrs.test.ClinicianConnect" name="verifyPatientConnectMobileLoginCodesLoggingIntoPCM" time="0.0">
    <ignored/>
  </testcase> <!-- verifyPatientConnectMobileLoginCodesLoggingIntoPCM -->
  <testcase classname="com.hrs.test.ClinicianConnect" name="verifyAddMedicationFrequencyOnceDaily" time="0.0">
    <ignored/>
  </testcase> <!-- verifyAddMedicationFrequencyOnceDaily -->
  <testcase classname="com.hrs.test.ClinicianConnect" name="verifyPatientListGeneralDetailsDisplay" time="0.0">
    <ignored/>
  </testcase> <!-- verifyPatientListGeneralDetailsDisplay -->
</testsuite> <!-- HRS -->
