<?xml version="1.0" encoding="UTF-8"?>
<testng-results ignored="0" total="8" passed="8" failed="0" skipped="0">
  <reporter-output>
  </reporter-output>
  <suite started-at="2023-07-05T13:18:53 IST" name="AndroidMasterSuite" finished-at="2023-07-05T13:18:53 IST" duration-ms="0">
    <groups>
    </groups>
  </suite> <!-- AndroidMasterSuite -->
  <suite started-at="2023-07-05T13:18:29 IST" name="API" finished-at="2023-07-05T13:18:53 IST" duration-ms="24071">
    <groups>
    </groups>
    <test started-at="2023-07-05T13:18:29 IST" name="Test" finished-at="2023-07-05T13:18:53 IST" duration-ms="24071">
      <class name="com.hrsAPI.test.HrsApiTest">
        <test-method is-config="true" signature="logging()[pri:0, instance:com.hrsAPI.test.HrsApiTest@117e0fe5]" started-at="2023-07-05T13:18:29 IST" name="logging" finished-at="2023-07-05T13:18:29 IST" duration-ms="1" status="PASS">
          <reporter-output>
          </reporter-output>
        </test-method> <!-- logging -->
        <test-method is-config="true" signature="setUp()[pri:0, instance:com.hrsAPI.test.HrsApiTest@117e0fe5]" started-at="2023-07-05T13:18:35 IST" name="setUp" finished-at="2023-07-05T13:18:35 IST" duration-ms="2" status="PASS">
          <reporter-output>
          </reporter-output>
        </test-method> <!-- setUp -->
        <test-method signature="verifyEndpointTestingConfirmAllMedGatewayEndpointsareExposed(java.lang.String, java.lang.String, java.lang.String, java.lang.String)[pri:0, instance:com.hrsAPI.test.HrsApiTest@117e0fe5]" started-at="2023-07-05T13:18:36 IST" name="verifyEndpointTestingConfirmAllMedGatewayEndpointsareExposed" description="T2896359" data-provider="allMedGatewayEndpointsAreExposedInquireAPIResponse" finished-at="2023-07-05T13:18:40 IST" duration-ms="4776" status="PASS">
          <params>
            <param index="0">
              <value>
                <![CDATA[T2896359]]>
              </value>
            </param>
            <param index="1">
              <value>
                <![CDATA[200]]>
              </value>
            </param>
            <param index="2">
              <value>
                <![CDATA[Rudra]]>
              </value>
            </param>
            <param index="3">
              <value>
                <![CDATA[Maharudra@123456]]>
              </value>
            </param>
          </params>
          <reporter-output>
          </reporter-output>
        </test-method> <!-- verifyEndpointTestingConfirmAllMedGatewayEndpointsareExposed -->
        <test-method is-config="true" signature="getResult(org.testng.ITestResult)[pri:0, instance:com.hrsAPI.test.HrsApiTest@117e0fe5]" started-at="2023-07-05T13:18:40 IST" name="getResult" finished-at="2023-07-05T13:18:40 IST" duration-ms="1" status="PASS">
          <params>
            <param index="0">
              <value>
                <![CDATA[[TestResult name=verifyEndpointTestingConfirmAllMedGatewayEndpointsareExposed status=SUCCESS method=HrsApiTest.verifyEndpointTestingConfirmAllMedGatewayEndpointsareExposed(java.lang.String, java.lang.String, java.lang.String, java.lang.String)[pri:0, instance:com.hrsAPI.test.HrsApiTest@117e0fe5] output={null}]]]>
              </value>
            </param>
          </params>
          <reporter-output>
          </reporter-output>
        </test-method> <!-- getResult -->
        <test-method signature="verifyMedicationMasterListPulledFromGatewayEndpoint(java.lang.String, java.lang.String, java.lang.String, java.lang.String, java.lang.String)[pri:0, instance:com.hrsAPI.test.HrsApiTest@117e0fe5]" started-at="2023-07-05T13:18:40 IST" name="verifyMedicationMasterListPulledFromGatewayEndpoint" description="T2896358-API" data-provider="getMedicationMasterListPulledFromGatewayAPIResponse" finished-at="2023-07-05T13:18:48 IST" duration-ms="7920" status="PASS">
          <params>
            <param index="0">
              <value>
                <![CDATA[T2896358]]>
              </value>
            </param>
            <param index="1">
              <value>
                <![CDATA[200]]>
              </value>
            </param>
            <param index="2">
              <value>
                <![CDATA[Rudra]]>
              </value>
            </param>
            <param index="3">
              <value>
                <![CDATA[Maharudra@123456]]>
              </value>
            </param>
            <param index="4">
              <value>
                <![CDATA[2088]]>
              </value>
            </param>
          </params>
          <reporter-output>
          </reporter-output>
        </test-method> <!-- verifyMedicationMasterListPulledFromGatewayEndpoint -->
        <test-method is-config="true" signature="getResult(org.testng.ITestResult)[pri:0, instance:com.hrsAPI.test.HrsApiTest@117e0fe5]" started-at="2023-07-05T13:18:48 IST" name="getResult" finished-at="2023-07-05T13:18:48 IST" duration-ms="0" status="PASS">
          <params>
            <param index="0">
              <value>
                <![CDATA[[TestResult name=verifyMedicationMasterListPulledFromGatewayEndpoint status=SUCCESS method=HrsApiTest.verifyMedicationMasterListPulledFromGatewayEndpoint(java.lang.String, java.lang.String, java.lang.String, java.lang.String, java.lang.String)[pri:0, instance:com.hrsAPI.test.HrsApiTest@117e0fe5] output={null}]]]>
              </value>
            </param>
          </params>
          <reporter-output>
          </reporter-output>
        </test-method> <!-- getResult -->
        <test-method signature="verifyNewMedicationFromEMRModalNotificationsReconciled(java.lang.String, java.lang.String, java.lang.String, java.lang.String, java.lang.String, java.lang.String, java.lang.String, java.lang.String, java.lang.String, java.lang.String)[pri:0, instance:com.hrsAPI.test.HrsApiTest@117e0fe5]" started-at="2023-07-05T13:18:48 IST" name="verifyNewMedicationFromEMRModalNotificationsReconciled" description="HRS_API-T2896362" data-provider="getNewMedicationFromEMRModalNotificationsAPIResponse" finished-at="2023-07-05T13:18:53 IST" duration-ms="4350" status="PASS">
          <params>
            <param index="0">
              <value>
                <![CDATA[T2896362]]>
              </value>
            </param>
            <param index="1">
              <value>
                <![CDATA[200]]>
              </value>
            </param>
            <param index="2">
              <value>
                <![CDATA[Rudra]]>
              </value>
            </param>
            <param index="3">
              <value>
                <![CDATA[Maharudra@123456]]>
              </value>
            </param>
            <param index="4">
              <value>
                <![CDATA[Rudra Android10]]>
              </value>
            </param>
            <param index="5">
              <value>
                <![CDATA[1683186259]]>
              </value>
            </param>
            <param index="6">
              <value>
                <![CDATA[168]]>
              </value>
            </param>
            <param index="7">
              <value>
                <![CDATA[88fYk46MqpLEOvF7S8kU]]>
              </value>
            </param>
            <param index="8">
              <value>
                <![CDATA[4]]>
              </value>
            </param>
            <param index="9">
              <value>
                <![CDATA[ok]]>
              </value>
            </param>
          </params>
          <reporter-output>
          </reporter-output>
        </test-method> <!-- verifyNewMedicationFromEMRModalNotificationsReconciled -->
        <test-method is-config="true" signature="getResult(org.testng.ITestResult)[pri:0, instance:com.hrsAPI.test.HrsApiTest@117e0fe5]" started-at="2023-07-05T13:18:53 IST" name="getResult" finished-at="2023-07-05T13:18:53 IST" duration-ms="0" status="PASS">
          <params>
            <param index="0">
              <value>
                <![CDATA[[TestResult name=verifyNewMedicationFromEMRModalNotificationsReconciled status=SUCCESS method=HrsApiTest.verifyNewMedicationFromEMRModalNotificationsReconciled(java.lang.String, java.lang.String, java.lang.String, java.lang.String, java.lang.String, java.lang.String, java.lang.String, java.lang.String, java.lang.String, java.lang.String)[pri:0, instance:com.hrsAPI.test.HrsApiTest@117e0fe5] output={null}]]]>
              </value>
            </param>
          </params>
          <reporter-output>
          </reporter-output>
        </test-method> <!-- getResult -->
        <test-method is-config="true" signature="tearDown()[pri:0, instance:com.hrsAPI.test.HrsApiTest@117e0fe5]" started-at="2023-07-05T13:18:53 IST" name="tearDown" finished-at="2023-07-05T13:18:53 IST" duration-ms="43" status="PASS">
          <reporter-output>
          </reporter-output>
        </test-method> <!-- tearDown -->
      </class> <!-- com.hrsAPI.test.HrsApiTest -->
    </test> <!-- Test -->
  </suite> <!-- API -->
  <suite started-at="2023-07-05T13:12:14 IST" name="Android" finished-at="2023-07-05T13:18:28 IST" duration-ms="373771">
    <groups>
    </groups>
    <test started-at="2023-07-05T13:12:14 IST" name="HRS" finished-at="2023-07-05T13:18:28 IST" duration-ms="373771">
      <class name="com.hrs.test.ClinicianConnect">
        <test-method is-config="true" signature="beforeMethod(java.lang.String, java.lang.String)[pri:0, instance:com.hrs.test.ClinicianConnect@59d2103b]" started-at="2023-07-05T13:12:25 IST" name="beforeMethod" finished-at="2023-07-05T13:12:49 IST" duration-ms="24182" status="PASS">
          <params>
            <param index="0">
              <value>
                <![CDATA[RZ8W3003SQL]]>
              </value>
            </param>
            <param index="1">
              <value>
                <![CDATA[4723]]>
              </value>
            </param>
          </params>
          <reporter-output>
          </reporter-output>
        </test-method> <!-- beforeMethod -->
        <test-method is-config="true" signature="beforeMethod()[pri:0, instance:com.hrs.test.ClinicianConnect@59d2103b]" started-at="2023-07-05T13:12:49 IST" name="beforeMethod" finished-at="2023-07-05T13:12:49 IST" duration-ms="1" status="PASS">
          <reporter-output>
          </reporter-output>
        </test-method> <!-- beforeMethod -->
        <test-method signature="verifyPatientListGeneralDetailsDisplay()[pri:1, instance:com.hrs.test.ClinicianConnect@59d2103b]" started-at="2023-07-05T13:12:49 IST" name="verifyPatientListGeneralDetailsDisplay" finished-at="2023-07-05T13:14:03 IST" duration-ms="74318" status="PASS">
          <reporter-output>
          </reporter-output>
        </test-method> <!-- verifyPatientListGeneralDetailsDisplay -->
        <test-method is-config="true" signature="beforeMethod()[pri:0, instance:com.hrs.test.ClinicianConnect@59d2103b]" started-at="2023-07-05T13:14:03 IST" name="beforeMethod" finished-at="2023-07-05T13:14:03 IST" duration-ms="1" status="PASS">
          <reporter-output>
          </reporter-output>
        </test-method> <!-- beforeMethod -->
        <test-method signature="verifyMetricsTabGeneralDisplay()[pri:2, instance:com.hrs.test.ClinicianConnect@59d2103b]" started-at="2023-07-05T13:14:03 IST" name="verifyMetricsTabGeneralDisplay" finished-at="2023-07-05T13:17:00 IST" depends-on-methods="com.hrs.test.ClinicianConnect.verifyPatientListGeneralDetailsDisplay" duration-ms="176988" status="PASS">
          <reporter-output>
          </reporter-output>
        </test-method> <!-- verifyMetricsTabGeneralDisplay -->
        <test-method signature="verifyAddReminderModalGeneralDisplay()[pri:3, instance:com.hrs.test.ClinicianConnect@59d2103b]" started-at="2023-07-05T13:17:01 IST" name="verifyAddReminderModalGeneralDisplay" finished-at="2023-07-05T13:17:23 IST" depends-on-methods="com.hrs.test.ClinicianConnect.verifyMetricsTabGeneralDisplay" duration-ms="22840" status="PASS">
          <reporter-output>
          </reporter-output>
        </test-method> <!-- verifyAddReminderModalGeneralDisplay -->
        <test-method is-config="true" signature="beforeMethod()[pri:0, instance:com.hrs.test.ClinicianConnect@59d2103b]" started-at="2023-07-05T13:17:01 IST" name="beforeMethod" finished-at="2023-07-05T13:17:01 IST" duration-ms="0" status="PASS">
          <reporter-output>
          </reporter-output>
        </test-method> <!-- beforeMethod -->
        <test-method signature="verifyAddMedicationFrequencyOnceDaily()[pri:4, instance:com.hrs.test.ClinicianConnect@59d2103b]" started-at="2023-07-05T13:17:24 IST" name="verifyAddMedicationFrequencyOnceDaily" finished-at="2023-07-05T13:17:44 IST" depends-on-methods="com.hrs.test.ClinicianConnect.verifyAddReminderModalGeneralDisplay" duration-ms="20595" status="PASS">
          <reporter-output>
          </reporter-output>
        </test-method> <!-- verifyAddMedicationFrequencyOnceDaily -->
        <test-method is-config="true" signature="beforeMethod()[pri:0, instance:com.hrs.test.ClinicianConnect@59d2103b]" started-at="2023-07-05T13:17:24 IST" name="beforeMethod" finished-at="2023-07-05T13:17:24 IST" duration-ms="0" status="PASS">
          <reporter-output>
          </reporter-output>
        </test-method> <!-- beforeMethod -->
        <test-method is-config="true" signature="beforeMethod()[pri:0, instance:com.hrs.test.ClinicianConnect@59d2103b]" started-at="2023-07-05T13:17:45 IST" name="beforeMethod" finished-at="2023-07-05T13:17:45 IST" duration-ms="0" status="PASS">
          <reporter-output>
          </reporter-output>
        </test-method> <!-- beforeMethod -->
        <test-method signature="verifyPatientConnectMobileLoginCodesLoggingIntoPCM()[pri:5, instance:com.hrs.test.ClinicianConnect@59d2103b]" started-at="2023-07-05T13:17:45 IST" name="verifyPatientConnectMobileLoginCodesLoggingIntoPCM" finished-at="2023-07-05T13:18:24 IST" depends-on-methods="com.hrs.test.ClinicianConnect.verifyAddMedicationFrequencyOnceDaily" duration-ms="39893" status="PASS">
          <reporter-output>
          </reporter-output>
        </test-method> <!-- verifyPatientConnectMobileLoginCodesLoggingIntoPCM -->
        <test-method is-config="true" signature="afterTest()[pri:0, instance:com.hrs.test.ClinicianConnect@59d2103b]" started-at="2023-07-05T13:18:26 IST" name="afterTest" finished-at="2023-07-05T13:18:28 IST" duration-ms="2035" status="PASS">
          <reporter-output>
          </reporter-output>
        </test-method> <!-- afterTest -->
      </class> <!-- com.hrs.test.ClinicianConnect -->
    </test> <!-- HRS -->
  </suite> <!-- Android -->
</testng-results>
