<?xml version="1.0" encoding="UTF-8"?>
<testng-results ignored="2" total="3" passed="0" failed="1" skipped="0">
  <reporter-output>
  </reporter-output>
  <suite started-at="2023-07-06T13:14:21 IST" name="API" finished-at="2023-07-06T13:14:29 IST" duration-ms="7374">
    <groups>
    </groups>
    <test started-at="2023-07-06T13:14:21 IST" name="Test" finished-at="2023-07-06T13:14:29 IST" duration-ms="7374">
      <class name="com.hrsAPI.test.HrsApiTest">
        <test-method is-config="true" signature="logging()[pri:0, instance:com.hrsAPI.test.HrsApiTest@741b3bc3]" started-at="2023-07-06T13:14:21 IST" name="logging" finished-at="2023-07-06T13:14:21 IST" duration-ms="5" status="PASS">
          <reporter-output>
          </reporter-output>
        </test-method> <!-- logging -->
        <test-method is-config="true" signature="setUp()[pri:0, instance:com.hrsAPI.test.HrsApiTest@741b3bc3]" started-at="2023-07-06T13:14:21 IST" name="setUp" finished-at="2023-07-06T13:14:21 IST" duration-ms="81" status="PASS">
          <reporter-output>
          </reporter-output>
        </test-method> <!-- setUp -->
        <test-method signature="verifyNewMedicationFromEMRModalNotificationsReconciled(java.lang.String, java.lang.String, java.lang.String, java.lang.String, java.lang.String, java.lang.String, java.lang.String, java.lang.String, java.lang.String, java.lang.String)[pri:0, instance:com.hrsAPI.test.HrsApiTest@741b3bc3]" started-at="2023-07-06T13:14:22 IST" name="verifyNewMedicationFromEMRModalNotificationsReconciled" description="HRS_API-T2896362" data-provider="getNewMedicationFromEMRModalNotificationsAPIResponse" finished-at="2023-07-06T13:14:28 IST" duration-ms="6690" status="FAIL">
          <params>
            <param index="0">
              <value>
                <![CDATA[T2896362]]>
              </value>
            </param>
            <param index="1">
              <value>
                <![CDATA[200]]>
              </value>
            </param>
            <param index="2">
              <value>
                <![CDATA[Rudra]]>
              </value>
            </param>
            <param index="3">
              <value>
                <![CDATA[Maharudra@123456]]>
              </value>
            </param>
            <param index="4">
              <value>
                <![CDATA[Rudra Android10]]>
              </value>
            </param>
            <param index="5">
              <value>
                <![CDATA[1683186259]]>
              </value>
            </param>
            <param index="6">
              <value>
                <![CDATA[168]]>
              </value>
            </param>
            <param index="7">
              <value>
                <![CDATA[88fYk46MqpLEOvF7S8kU]]>
              </value>
            </param>
            <param index="8">
              <value>
                <![CDATA[4]]>
              </value>
            </param>
            <param index="9">
              <value>
                <![CDATA[ok]]>
              </value>
            </param>
          </params>
          <exception class="java.lang.NullPointerException">
            <full-stacktrace>
              <![CDATA[java.lang.NullPointerException
at com.hrsAPI.test.HrsApiTest.verifyNewMedicationFromEMRModalNotificationsReconciled(HrsApiTest.java:264)
at java.base/jdk.internal.reflect.NativeMethodAccessorImpl.invoke0(Native Method)
at java.base/jdk.internal.reflect.NativeMethodAccessorImpl.invoke(NativeMethodAccessorImpl.java:62)
at java.base/jdk.internal.reflect.DelegatingMethodAccessorImpl.invoke(DelegatingMethodAccessorImpl.java:43)
at java.base/java.lang.reflect.Method.invoke(Method.java:566)
at org.testng.internal.MethodInvocationHelper.invokeMethod(MethodInvocationHelper.java:134)
at org.testng.internal.TestInvoker.invokeMethod(TestInvoker.java:597)
at org.testng.internal.TestInvoker.invokeTestMethod(TestInvoker.java:173)
at org.testng.internal.MethodRunner.runInSequence(MethodRunner.java:46)
at org.testng.internal.TestInvoker$MethodInvocationAgent.invoke(TestInvoker.java:816)
at org.testng.internal.TestInvoker.invokeTestMethods(TestInvoker.java:146)
at org.testng.internal.TestMethodWorker.invokeTestMethods(TestMethodWorker.java:146)
at org.testng.internal.TestMethodWorker.run(TestMethodWorker.java:128)
at java.base/java.util.ArrayList.forEach(ArrayList.java:1541)
at org.testng.TestRunner.privateRun(TestRunner.java:766)
at org.testng.TestRunner.run(TestRunner.java:587)
at org.testng.SuiteRunner.runTest(SuiteRunner.java:384)
at org.testng.SuiteRunner.runSequentially(SuiteRunner.java:378)
at org.testng.SuiteRunner.privateRun(SuiteRunner.java:337)
at org.testng.SuiteRunner.run(SuiteRunner.java:286)
at org.testng.SuiteRunnerWorker.runSuite(SuiteRunnerWorker.java:53)
at org.testng.SuiteRunnerWorker.run(SuiteRunnerWorker.java:96)
at org.testng.TestNG.runSuitesSequentially(TestNG.java:1187)
at org.testng.TestNG.runSuitesLocally(TestNG.java:1109)
at org.testng.TestNG.runSuites(TestNG.java:1039)
at org.testng.TestNG.run(TestNG.java:1007)
at org.testng.remote.AbstractRemoteTestNG.run(AbstractRemoteTestNG.java:115)
at org.testng.remote.RemoteTestNG.initAndRun(RemoteTestNG.java:251)
at org.testng.remote.RemoteTestNG.main(RemoteTestNG.java:77)
]]>
            </full-stacktrace>
          </exception> <!-- java.lang.NullPointerException -->
          <reporter-output>
          </reporter-output>
        </test-method> <!-- verifyNewMedicationFromEMRModalNotificationsReconciled -->
        <test-method is-config="true" signature="getResult(org.testng.ITestResult)[pri:0, instance:com.hrsAPI.test.HrsApiTest@741b3bc3]" started-at="2023-07-06T13:14:28 IST" name="getResult" finished-at="2023-07-06T13:14:28 IST" duration-ms="2" status="PASS">
          <params>
            <param index="0">
              <value>
                <![CDATA[[TestResult name=verifyNewMedicationFromEMRModalNotificationsReconciled status=FAILURE method=HrsApiTest.verifyNewMedicationFromEMRModalNotificationsReconciled(java.lang.String, java.lang.String, java.lang.String, java.lang.String, java.lang.String, java.lang.String, java.lang.String, java.lang.String, java.lang.String, java.lang.String)[pri:0, instance:com.hrsAPI.test.HrsApiTest@741b3bc3] output={null}]]]>
              </value>
            </param>
          </params>
          <reporter-output>
          </reporter-output>
        </test-method> <!-- getResult -->
        <test-method is-config="true" signature="tearDown()[pri:0, instance:com.hrsAPI.test.HrsApiTest@741b3bc3]" started-at="2023-07-06T13:14:28 IST" name="tearDown" finished-at="2023-07-06T13:14:29 IST" duration-ms="203" status="PASS">
          <reporter-output>
          </reporter-output>
        </test-method> <!-- tearDown -->
      </class> <!-- com.hrsAPI.test.HrsApiTest -->
    </test> <!-- Test -->
  </suite> <!-- API -->
</testng-results>
